Using pre-set license
Built from '2021.3/staging' branch; Version is '2021.3.11f1 (0a5ca18544bf) revision 679073'; Using compiler version '192829333'; Build Type 'Release'
OS: 'Windows 11  (10.0.22631) 64bit Professional' Language: 'fr' Physical Memory: 32469 MB
BatchMode: 1, IsHumanControllingUs: 0, StartBugReporterOnCrash: 0, Is64bit: 1, IsPro: 1

COMMAND LINE ARGUMENTS:
C:\Program Files\Unity\Hub\Editor\2021.3.11f1\Editor\Unity.exe
-adb2
-batchMode
-noUpm
-name
AssetImportWorker0
-projectPath
C:/Projects/areaPlus
-logFile
Logs/AssetImportWorker0.log
-srvPort
50066
Successfully changed project path to: C:/Projects/areaPlus
C:/Projects/areaPlus
[UnityMemory] Configuration Parameters - Can be set up in boot.config
    "memorysetup-bucket-allocator-granularity=16"
    "memorysetup-bucket-allocator-bucket-count=8"
    "memorysetup-bucket-allocator-block-size=33554432"
    "memorysetup-bucket-allocator-block-count=8"
    "memorysetup-main-allocator-block-size=16777216"
    "memorysetup-thread-allocator-block-size=16777216"
    "memorysetup-gfx-main-allocator-block-size=16777216"
    "memorysetup-gfx-thread-allocator-block-size=16777216"
    "memorysetup-cache-allocator-block-size=4194304"
    "memorysetup-typetree-allocator-block-size=2097152"
    "memorysetup-profiler-bucket-allocator-granularity=16"
    "memorysetup-profiler-bucket-allocator-bucket-count=8"
    "memorysetup-profiler-bucket-allocator-block-size=33554432"
    "memorysetup-profiler-bucket-allocator-block-count=8"
    "memorysetup-profiler-allocator-block-size=16777216"
    "memorysetup-profiler-editor-allocator-block-size=1048576"
    "memorysetup-temp-allocator-size-main=16777216"
    "memorysetup-job-temp-allocator-block-size=2097152"
    "memorysetup-job-temp-allocator-block-size-background=1048576"
    "memorysetup-job-temp-allocator-reduction-small-platforms=262144"
    "memorysetup-temp-allocator-size-background-worker=32768"
    "memorysetup-temp-allocator-size-job-worker=262144"
    "memorysetup-temp-allocator-size-preload-manager=33554432"
    "memorysetup-temp-allocator-size-nav-mesh-worker=65536"
    "memorysetup-temp-allocator-size-audio-worker=65536"
    "memorysetup-temp-allocator-size-cloud-worker=32768"
    "memorysetup-temp-allocator-size-gi-baking-worker=262144"
    "memorysetup-temp-allocator-size-gfx=262144"
Refreshing native plugins compatible for Editor in 55.30 ms, found 7 plugins.
Preloading 0 native plugins for Editor in 0.00 ms.
Initialize engine version: 2021.3.11f1 (0a5ca18544bf)
[Subsystems] Discovering subsystems at path C:/Program Files/Unity/Hub/Editor/2021.3.11f1/Editor/Data/Resources/UnitySubsystems
[Subsystems] Discovering subsystems at path C:/Projects/areaPlus/Assets
GfxDevice: creating device client; threaded=0; jobified=0
Direct3D:
    Version:  Direct3D 11.0 [level 11.1]
    Renderer: NVIDIA GeForce RTX 3080 Laptop GPU (ID=0x249c)
    Vendor:   NVIDIA
    VRAM:     8018 MB
    Driver:   32.0.15.5612
Initialize mono
Mono path[0] = 'C:/Program Files/Unity/Hub/Editor/2021.3.11f1/Editor/Data/Managed'
Mono path[1] = 'C:/Program Files/Unity/Hub/Editor/2021.3.11f1/Editor/Data/MonoBleedingEdge/lib/mono/unityjit-win32'
Mono config path = 'C:/Program Files/Unity/Hub/Editor/2021.3.11f1/Editor/Data/MonoBleedingEdge/etc'
Using monoOptions --debugger-agent=transport=dt_socket,embedding=1,server=y,suspend=n,address=127.0.0.1:56124
Begin MonoManager ReloadAssembly
Registering precompiled unity dll's ...
Register platform support module: C:/Program Files/Unity/Hub/Editor/2021.3.11f1/Editor/Data/PlaybackEngines/AndroidPlayer/UnityEditor.Android.Extensions.dll
Register platform support module: C:/Program Files/Unity/Hub/Editor/2021.3.11f1/Editor/Data/PlaybackEngines/iOSSupport/UnityEditor.iOS.Extensions.dll
Register platform support module: C:/Program Files/Unity/Hub/Editor/2021.3.11f1/Editor/Data/PlaybackEngines/WindowsStandaloneSupport/UnityEditor.WindowsStandalone.Extensions.dll
Register platform support module: C:/Program Files/Unity/Hub/Editor/2021.3.11f1/Editor/Data/PlaybackEngines/MetroSupport/UnityEditor.UWP.Extensions.dll
Registered in 0.008234 seconds.
Native extension for UWP target not found
Native extension for WindowsStandalone target not found
[usbmuxd] Start listen thread
[usbmuxd] Listen thread started
Native extension for iOS target not found
Native extension for Android target not found
Refreshing native plugins compatible for Editor in 52.59 ms, found 7 plugins.
Preloading 0 native plugins for Editor in 0.00 ms.
Mono: successfully reloaded assembly
- Completed reload, in  0.749 seconds
Domain Reload Profiling:
	ReloadAssembly (750ms)
		BeginReloadAssembly (90ms)
			ExecutionOrderSort (0ms)
			DisableScriptedObjects (0ms)
			BackupInstance (0ms)
			ReleaseScriptingObjects (0ms)
			CreateAndSetChildDomain (1ms)
		EndReloadAssembly (534ms)
			LoadAssemblies (89ms)
			RebuildTransferFunctionScriptingTraits (0ms)
			SetupTypeCache (112ms)
			ReleaseScriptCaches (0ms)
			RebuildScriptCaches (36ms)
			SetupLoadedEditorAssemblies (322ms)
				LogAssemblyErrors (0ms)
				InitializePlatformSupportModulesInManaged (79ms)
				SetLoadedEditorAssemblies (0ms)
				RefreshPlugins (53ms)
				BeforeProcessingInitializeOnLoad (2ms)
				ProcessInitializeOnLoadAttributes (130ms)
				ProcessInitializeOnLoadMethodAttributes (57ms)
				AfterProcessingInitializeOnLoad (0ms)
				EditorAssembliesLoaded (0ms)
			ExecutionOrderSort2 (0ms)
			AwakeInstancesAfterBackupRestoration (0ms)
Platform modules already initialized, skipping
Registering precompiled user dll's ...
Registered in 0.006065 seconds.
Begin MonoManager ReloadAssembly
Symbol file LoadedFromMemory is not a mono symbol file
Native extension for UWP target not found
Native extension for WindowsStandalone target not found
Native extension for iOS target not found
Native extension for Android target not found
Refreshing native plugins compatible for Editor in 0.91 ms, found 7 plugins.
Preloading 0 native plugins for Editor in 0.00 ms.
Package Manager log level set to [2]
Mono: successfully reloaded assembly
- Completed reload, in  1.170 seconds
Domain Reload Profiling:
	ReloadAssembly (1171ms)
		BeginReloadAssembly (232ms)
			ExecutionOrderSort (0ms)
			DisableScriptedObjects (5ms)
			BackupInstance (0ms)
			ReleaseScriptingObjects (0ms)
			CreateAndSetChildDomain (135ms)
		EndReloadAssembly (808ms)
			LoadAssemblies (91ms)
			RebuildTransferFunctionScriptingTraits (0ms)
			SetupTypeCache (193ms)
			ReleaseScriptCaches (0ms)
			RebuildScriptCaches (43ms)
			SetupLoadedEditorAssemblies (449ms)
				LogAssemblyErrors (0ms)
				InitializePlatformSupportModulesInManaged (25ms)
				SetLoadedEditorAssemblies (1ms)
				RefreshPlugins (1ms)
				BeforeProcessingInitializeOnLoad (64ms)
				ProcessInitializeOnLoadAttributes (206ms)
				ProcessInitializeOnLoadMethodAttributes (144ms)
				AfterProcessingInitializeOnLoad (7ms)
				EditorAssembliesLoaded (0ms)
			ExecutionOrderSort2 (0ms)
			AwakeInstancesAfterBackupRestoration (8ms)
Platform modules already initialized, skipping
========================================================================
Worker process is ready to serve import requests
Launched and connected shader compiler UnityShaderCompiler.exe after 0.04 seconds
Refreshing native plugins compatible for Editor in 1.28 ms, found 7 plugins.
Preloading 0 native plugins for Editor in 0.00 ms.
Unloading 2650 Unused Serialized files (Serialized files now loaded: 0)
Unloading 126 unused Assets / (162.9 KB). Loaded Objects now: 3025.
Memory consumption went from 108.6 MB to 108.4 MB.
Total: 8.358800 ms (FindLiveObjects: 0.247600 ms CreateObjectMapping: 0.171700 ms MarkObjects: 7.758000 ms  DeleteObjects: 0.180000 ms)

AssetImportParameters requested are different than current active one (requested -> active):
  custom:video-decoder-ogg-theora: a1e56fd34408186e4bbccfd4996cb3dc -> 
  custom:container-muxer-webm: aa71ff27fc2769a1b78a27578f13a17b -> 
  custom:container-demuxer-webm: 4f35f7cbe854078d1ac9338744f61a02 -> 
  custom:video-encoder-webm-vp8: eb34c28f22e8b96e1ab97ce403110664 -> 
  custom:audio-encoder-webm-vorbis: bf7c407c2cedff20999df2af8eb42d56 -> 
  custom:framework-win-MediaFoundation: 216162199b28c13a410421893ffa2e32 -> 
  custom:container-demuxer-ogg: 62fdf1f143b41e24485cea50d1cbac27 -> 
  custom:video-decoder-webm-vp8: 9c59270c3fd7afecdb556c50c9e8de78 -> 
  custom:audio-decoder-ogg-vorbis: bf7c407c2cedff20999df2af8eb42d56 -> 
========================================================================
Received Import Request.
  Time since last request: 268047.944838 seconds.
  path: Assets/d.mat
  artifactKey: Guid(1a1e150f654754445b333b398b3355fd) Importer(815301076,1909f56bfc062723c751e8b465ee728b)
Start importing Assets/d.mat using Guid(1a1e150f654754445b333b398b3355fd) Importer(815301076,1909f56bfc062723c751e8b465ee728b)  -> (artifact id: '8dd254fde637f8f7d1bcfe7066fda93a') in 0.159056 seconds 
========================================================================
Received Import Request.
  Time since last request: 41.753945 seconds.
  path: Assets/Scenes
  artifactKey: Guid(b11e9bc096d5842a4a2c8b5a958abe24) Importer(815301076,1909f56bfc062723c751e8b465ee728b)
Start importing Assets/Scenes using Guid(b11e9bc096d5842a4a2c8b5a958abe24) Importer(815301076,1909f56bfc062723c751e8b465ee728b)  -> (artifact id: '1aec820c27f62751cd9861586e476c90') in 0.010001 seconds 
========================================================================
Received Import Request.
  Time since last request: 4.457509 seconds.
  path: Assets/Resources
  artifactKey: Guid(f549f07ebc906e64b95392be8e5ffe93) Importer(815301076,1909f56bfc062723c751e8b465ee728b)
Start importing Assets/Resources using Guid(f549f07ebc906e64b95392be8e5ffe93) Importer(815301076,1909f56bfc062723c751e8b465ee728b)  -> (artifact id: '079d5f0451eea99d3ea1b78c0c3b661b') in 0.007706 seconds 
========================================================================
Received Import Request.
  Time since last request: 0.061041 seconds.
  path: Assets/Resources/VuforiaConfiguration.asset
  artifactKey: Guid(78d072dbe98071a40be5b776a77b63cf) Importer(815301076,1909f56bfc062723c751e8b465ee728b)
Start importing Assets/Resources/VuforiaConfiguration.asset using Guid(78d072dbe98071a40be5b776a77b63cf) Importer(815301076,1909f56bfc062723c751e8b465ee728b)  -> (artifact id: '4e82aa301adfda266defa7310f6aa6a4') in 0.015690 seconds 
========================================================================
Received Import Request.
  Time since last request: 9.099840 seconds.
  path: Assets/TriLib
  artifactKey: Guid(39a3fabc58eaf8a4e9a257034d8a149d) Importer(815301076,1909f56bfc062723c751e8b465ee728b)
Start importing Assets/TriLib using Guid(39a3fabc58eaf8a4e9a257034d8a149d) Importer(815301076,1909f56bfc062723c751e8b465ee728b)  -> (artifact id: 'b856f61e1563840b3b6b4c712b470d35') in 0.007535 seconds 
========================================================================
Received Import Request.
  Time since last request: 1.194311 seconds.
  path: Assets/TriLib/TriLib
  artifactKey: Guid(3a2a53250633fbf4580f240703ec2338) Importer(815301076,1909f56bfc062723c751e8b465ee728b)
Start importing Assets/TriLib/TriLib using Guid(3a2a53250633fbf4580f240703ec2338) Importer(815301076,1909f56bfc062723c751e8b465ee728b)  -> (artifact id: '2535fb505712ad1282acdcdbe1b9155a') in 0.001944 seconds 
========================================================================
Received Import Request.
  Time since last request: 16.301779 seconds.
  path: Assets/TriLib/TriLib/Scripts
  artifactKey: Guid(242c7a259b27f5c4d8cb3d16053d1879) Importer(815301076,1909f56bfc062723c751e8b465ee728b)
Start importing Assets/TriLib/TriLib/Scripts using Guid(242c7a259b27f5c4d8cb3d16053d1879) Importer(815301076,1909f56bfc062723c751e8b465ee728b)  -> (artifact id: 'b13849d086b78158c610bca6f5fde96f') in 0.007269 seconds 
========================================================================
Received Import Request.
  Time since last request: 0.766247 seconds.
  path: Assets/TriLib/TriLib/Resources
  artifactKey: Guid(ef371d4424adcc84d98047bd4b1403b3) Importer(815301076,1909f56bfc062723c751e8b465ee728b)
Start importing Assets/TriLib/TriLib/Resources using Guid(ef371d4424adcc84d98047bd4b1403b3) Importer(815301076,1909f56bfc062723c751e8b465ee728b)  -> (artifact id: '2c5312a0b380b2542f6b71364c2e4e83') in 0.001851 seconds 
========================================================================
Received Import Request.
  Time since last request: 0.371935 seconds.
  path: Assets/TriLib/TriLib/Samples
  artifactKey: Guid(8dd5c585ab54e2c4cb881b6a4633c2dd) Importer(815301076,1909f56bfc062723c751e8b465ee728b)
Start importing Assets/TriLib/TriLib/Samples using Guid(8dd5c585ab54e2c4cb881b6a4633c2dd) Importer(815301076,1909f56bfc062723c751e8b465ee728b)  -> (artifact id: 'e463116d358b2cc9273429d4203753ee') in 0.007895 seconds 
========================================================================
Received Import Request.
  Time since last request: 1.244624 seconds.
  path: Assets/TriLib/TriLib/Samples/Scenes
  artifactKey: Guid(bcb4d0b6d48de4041970b2868d5ecc2c) Importer(815301076,1909f56bfc062723c751e8b465ee728b)
Start importing Assets/TriLib/TriLib/Samples/Scenes using Guid(bcb4d0b6d48de4041970b2868d5ecc2c) Importer(815301076,1909f56bfc062723c751e8b465ee728b)  -> (artifact id: 'b434ff7f5e18fcaecc04e11ed7c484e5') in 0.002384 seconds 
========================================================================
Received Import Request.
  Time since last request: 1.333563 seconds.
  path: Assets/TriLib/TriLib/Samples/Scenes/Scene1.unity
  artifactKey: Guid(c7ffebfaa007d4746b1054dd923236c2) Importer(815301076,1909f56bfc062723c751e8b465ee728b)
Start importing Assets/TriLib/TriLib/Samples/Scenes/Scene1.unity using Guid(c7ffebfaa007d4746b1054dd923236c2) Importer(815301076,1909f56bfc062723c751e8b465ee728b)  -> (artifact id: 'f5056057f052e9ce44a1da67f39ddeb2') in 0.007434 seconds 
========================================================================
Received Import Request.
  Time since last request: 17.018172 seconds.
  path: Assets/Vuforia
  artifactKey: Guid(fac84aef283b4459a8a16461d8566be5) Importer(815301076,1909f56bfc062723c751e8b465ee728b)
Start importing Assets/Vuforia using Guid(fac84aef283b4459a8a16461d8566be5) Importer(815301076,1909f56bfc062723c751e8b465ee728b)  -> (artifact id: 'd4f150909db2ee2c21ef4d3517bfd662') in 0.007308 seconds 
========================================================================
Received Import Request.
  Time since last request: 14.614345 seconds.
  path: Assets/Art
  artifactKey: Guid(6b8ec7772b1714ff09846221f7659219) Importer(815301076,1909f56bfc062723c751e8b465ee728b)
Start importing Assets/Art using Guid(6b8ec7772b1714ff09846221f7659219) Importer(815301076,1909f56bfc062723c751e8b465ee728b)  -> (artifact id: 'c30851dc8ad78cf68d34141154b1e303') in 0.007684 seconds 
========================================================================
Received Import Request.
  Time since last request: 0.740945 seconds.
  path: Assets/AVProVideo
  artifactKey: Guid(c64c324eff996b24d9fb0eeba7c1df33) Importer(815301076,1909f56bfc062723c751e8b465ee728b)
Start importing Assets/AVProVideo using Guid(c64c324eff996b24d9fb0eeba7c1df33) Importer(815301076,1909f56bfc062723c751e8b465ee728b)  -> (artifact id: 'b178b376f73a6c7af03b12eccad22f1a') in 0.007449 seconds 
========================================================================
Received Import Request.
  Time since last request: 3.943218 seconds.
  path: Assets/GalleryScreenshot
  artifactKey: Guid(b7de7660aef3c4940beb8a4989b75fc1) Importer(815301076,1909f56bfc062723c751e8b465ee728b)
Start importing Assets/GalleryScreenshot using Guid(b7de7660aef3c4940beb8a4989b75fc1) Importer(815301076,1909f56bfc062723c751e8b465ee728b)  -> (artifact id: '14e9e007958710960bc932e3dc45fb61') in 0.008024 seconds 
========================================================================
Received Import Request.
  Time since last request: 3.311057 seconds.
  path: Assets/LeanTouch
  artifactKey: Guid(56a311198ab0b2f43b049513095523b7) Importer(815301076,1909f56bfc062723c751e8b465ee728b)
Start importing Assets/LeanTouch using Guid(56a311198ab0b2f43b049513095523b7) Importer(815301076,1909f56bfc062723c751e8b465ee728b)  -> (artifact id: 'd2b2371f5c0e1504d779a39fdfafa03c') in 0.008017 seconds 
========================================================================
Received Import Request.
  Time since last request: 17.635304 seconds.
  path: Assets/Editor
  artifactKey: Guid(d0c6ce11f7125408a95726df6d4f13f3) Importer(815301076,1909f56bfc062723c751e8b465ee728b)
Start importing Assets/Editor using Guid(d0c6ce11f7125408a95726df6d4f13f3) Importer(815301076,1909f56bfc062723c751e8b465ee728b)  -> (artifact id: 'e7bdc158a803a10e81f2d4504bd2bb7a') in 0.007967 seconds 
========================================================================
Received Import Request.
  Time since last request: 1.014198 seconds.
  path: Assets/images
  artifactKey: Guid(a2c311fa93d4e44478dfad75cc6354d4) Importer(815301076,1909f56bfc062723c751e8b465ee728b)
Start importing Assets/images using Guid(a2c311fa93d4e44478dfad75cc6354d4) Importer(815301076,1909f56bfc062723c751e8b465ee728b)  -> (artifact id: 'edc73b6e944a6831f512d9a94853ee04') in 0.006983 seconds 
========================================================================
Received Import Request.
  Time since last request: 2.003223 seconds.
  path: Assets/Loading Effect
  artifactKey: Guid(29742b9a3db949d47b522599909574dc) Importer(815301076,1909f56bfc062723c751e8b465ee728b)
Start importing Assets/Loading Effect using Guid(29742b9a3db949d47b522599909574dc) Importer(815301076,1909f56bfc062723c751e8b465ee728b)  -> (artifact id: 'ccb658f08c35d087a5e789781557e0f1') in 0.008062 seconds 
========================================================================
Received Import Request.
  Time since last request: 2.677786 seconds.
  path: Assets/Plugins
  artifactKey: Guid(7e7c5ffdce527194e8618d27c396bc10) Importer(815301076,1909f56bfc062723c751e8b465ee728b)
Start importing Assets/Plugins using Guid(7e7c5ffdce527194e8618d27c396bc10) Importer(815301076,1909f56bfc062723c751e8b465ee728b)  -> (artifact id: '25446d23a6bc2aa6085cca3fbb251e61') in 0.007818 seconds 
========================================================================
Received Import Request.
  Time since last request: 22.755757 seconds.
  path: Assets/StreamingAssets
  artifactKey: Guid(fd1a96e49a9d44bbdabee3e9edb3d529) Importer(815301076,1909f56bfc062723c751e8b465ee728b)
Start importing Assets/StreamingAssets using Guid(fd1a96e49a9d44bbdabee3e9edb3d529) Importer(815301076,1909f56bfc062723c751e8b465ee728b)  -> (artifact id: '0835b1eb252588bd9de53e460627f186') in 0.009112 seconds 
========================================================================
Received Import Request.
  Time since last request: 2.228094 seconds.
  path: Assets/scripts
  artifactKey: Guid(630688387a097f044b221058c452531d) Importer(815301076,1909f56bfc062723c751e8b465ee728b)
Start importing Assets/scripts using Guid(630688387a097f044b221058c452531d) Importer(815301076,1909f56bfc062723c751e8b465ee728b)  -> (artifact id: '4cc992dc9b0671f2140822b240b7abc6') in 0.009285 seconds 
========================================================================
Received Import Request.
  Time since last request: 34.311123 seconds.
  path: Assets/CameraFocusController.cs
  artifactKey: Guid(a94e94396b80bd44388103df5f981c4e) Importer(815301076,1909f56bfc062723c751e8b465ee728b)
Start importing Assets/CameraFocusController.cs using Guid(a94e94396b80bd44388103df5f981c4e) Importer(815301076,1909f56bfc062723c751e8b465ee728b)  -> (artifact id: 'a9ea81f28f877cb9657a6f66ea091b0a') in 0.029780 seconds 
========================================================================
Received Prepare
Registering precompiled user dll's ...
Registered in 0.004835 seconds.
Begin MonoManager ReloadAssembly
Native extension for UWP target not found
Native extension for WindowsStandalone target not found
Native extension for iOS target not found
Native extension for Android target not found
Refreshing native plugins compatible for Editor in 0.80 ms, found 5 plugins.
Preloading 0 native plugins for Editor in 0.00 ms.
Mono: successfully reloaded assembly
- Completed reload, in  0.976 seconds
Domain Reload Profiling:
	ReloadAssembly (977ms)
		BeginReloadAssembly (127ms)
			ExecutionOrderSort (0ms)
			DisableScriptedObjects (8ms)
			BackupInstance (0ms)
			ReleaseScriptingObjects (0ms)
			CreateAndSetChildDomain (36ms)
		EndReloadAssembly (750ms)
			LoadAssemblies (80ms)
			RebuildTransferFunctionScriptingTraits (0ms)
			SetupTypeCache (186ms)
			ReleaseScriptCaches (1ms)
			RebuildScriptCaches (58ms)
			SetupLoadedEditorAssemblies (388ms)
				LogAssemblyErrors (0ms)
				InitializePlatformSupportModulesInManaged (33ms)
				SetLoadedEditorAssemblies (0ms)
				RefreshPlugins (1ms)
				BeforeProcessingInitializeOnLoad (64ms)
				ProcessInitializeOnLoadAttributes (174ms)
				ProcessInitializeOnLoadMethodAttributes (110ms)
				AfterProcessingInitializeOnLoad (5ms)
				EditorAssembliesLoaded (0ms)
			ExecutionOrderSort2 (0ms)
			AwakeInstancesAfterBackupRestoration (5ms)
Platform modules already initialized, skipping
Refreshing native plugins compatible for Editor in 5.25 ms, found 5 plugins.
Preloading 0 native plugins for Editor in 0.00 ms.
Unloading 2461 Unused Serialized files (Serialized files now loaded: 0)
Unloading 66 unused Assets / (25.6 KB). Loaded Objects now: 3069.
Memory consumption went from 105.2 MB to 105.2 MB.
Total: 4.781900 ms (FindLiveObjects: 0.141700 ms CreateObjectMapping: 0.179600 ms MarkObjects: 4.435800 ms  DeleteObjects: 0.024000 ms)

AssetImportParameters requested are different than current active one (requested -> active):
  custom:video-decoder-ogg-theora: a1e56fd34408186e4bbccfd4996cb3dc -> 
  custom:container-muxer-webm: aa71ff27fc2769a1b78a27578f13a17b -> 
  custom:container-demuxer-webm: 4f35f7cbe854078d1ac9338744f61a02 -> 
  custom:video-encoder-webm-vp8: eb34c28f22e8b96e1ab97ce403110664 -> 
  custom:audio-encoder-webm-vorbis: bf7c407c2cedff20999df2af8eb42d56 -> 
  custom:framework-win-MediaFoundation: 216162199b28c13a410421893ffa2e32 -> 
  custom:container-demuxer-ogg: 62fdf1f143b41e24485cea50d1cbac27 -> 
  custom:video-decoder-webm-vp8: 9c59270c3fd7afecdb556c50c9e8de78 -> 
  custom:audio-decoder-ogg-vorbis: bf7c407c2cedff20999df2af8eb42d56 -> 
========================================================================
Received Prepare
Registering precompiled user dll's ...
Registered in 0.004035 seconds.
Begin MonoManager ReloadAssembly
Native extension for UWP target not found
Native extension for WindowsStandalone target not found
Native extension for iOS target not found
Native extension for Android target not found
Refreshing native plugins compatible for Editor in 0.62 ms, found 5 plugins.
Preloading 0 native plugins for Editor in 0.00 ms.
Mono: successfully reloaded assembly
- Completed reload, in  1.039 seconds
Domain Reload Profiling:
	ReloadAssembly (1040ms)
		BeginReloadAssembly (117ms)
			ExecutionOrderSort (0ms)
			DisableScriptedObjects (8ms)
			BackupInstance (0ms)
			ReleaseScriptingObjects (0ms)
			CreateAndSetChildDomain (30ms)
		EndReloadAssembly (830ms)
			LoadAssemblies (77ms)
			RebuildTransferFunctionScriptingTraits (0ms)
			SetupTypeCache (210ms)
			ReleaseScriptCaches (2ms)
			RebuildScriptCaches (48ms)
			SetupLoadedEditorAssemblies (445ms)
				LogAssemblyErrors (0ms)
				InitializePlatformSupportModulesInManaged (33ms)
				SetLoadedEditorAssemblies (1ms)
				RefreshPlugins (1ms)
				BeforeProcessingInitializeOnLoad (67ms)
				ProcessInitializeOnLoadAttributes (214ms)
				ProcessInitializeOnLoadMethodAttributes (121ms)
				AfterProcessingInitializeOnLoad (8ms)
				EditorAssembliesLoaded (0ms)
			ExecutionOrderSort2 (0ms)
			AwakeInstancesAfterBackupRestoration (7ms)
Platform modules already initialized, skipping
Refreshing native plugins compatible for Editor in 6.55 ms, found 5 plugins.
Preloading 0 native plugins for Editor in 0.00 ms.
Unloading 2461 Unused Serialized files (Serialized files now loaded: 0)
Unloading 66 unused Assets / (25.7 KB). Loaded Objects now: 3072.
Memory consumption went from 105.2 MB to 105.2 MB.
Total: 5.567700 ms (FindLiveObjects: 0.140700 ms CreateObjectMapping: 0.056700 ms MarkObjects: 5.337900 ms  DeleteObjects: 0.031200 ms)

AssetImportParameters requested are different than current active one (requested -> active):
  custom:video-decoder-ogg-theora: a1e56fd34408186e4bbccfd4996cb3dc -> 
  custom:container-muxer-webm: aa71ff27fc2769a1b78a27578f13a17b -> 
  custom:container-demuxer-webm: 4f35f7cbe854078d1ac9338744f61a02 -> 
  custom:video-encoder-webm-vp8: eb34c28f22e8b96e1ab97ce403110664 -> 
  custom:audio-encoder-webm-vorbis: bf7c407c2cedff20999df2af8eb42d56 -> 
  custom:framework-win-MediaFoundation: 216162199b28c13a410421893ffa2e32 -> 
  custom:container-demuxer-ogg: 62fdf1f143b41e24485cea50d1cbac27 -> 
  custom:video-decoder-webm-vp8: 9c59270c3fd7afecdb556c50c9e8de78 -> 
  custom:audio-decoder-ogg-vorbis: bf7c407c2cedff20999df2af8eb42d56 -> 
========================================================================
Received Prepare
Registering precompiled user dll's ...
Registered in 0.004569 seconds.
Begin MonoManager ReloadAssembly
Native extension for UWP target not found
Native extension for WindowsStandalone target not found
Native extension for iOS target not found
Native extension for Android target not found
Refreshing native plugins compatible for Editor in 0.81 ms, found 5 plugins.
Preloading 0 native plugins for Editor in 0.00 ms.
Mono: successfully reloaded assembly
- Completed reload, in  0.989 seconds
Domain Reload Profiling:
	ReloadAssembly (990ms)
		BeginReloadAssembly (119ms)
			ExecutionOrderSort (0ms)
			DisableScriptedObjects (6ms)
			BackupInstance (0ms)
			ReleaseScriptingObjects (0ms)
			CreateAndSetChildDomain (36ms)
		EndReloadAssembly (772ms)
			LoadAssemblies (76ms)
			RebuildTransferFunctionScriptingTraits (0ms)
			SetupTypeCache (161ms)
			ReleaseScriptCaches (1ms)
			RebuildScriptCaches (45ms)
			SetupLoadedEditorAssemblies (444ms)
				LogAssemblyErrors (0ms)
				InitializePlatformSupportModulesInManaged (31ms)
				SetLoadedEditorAssemblies (1ms)
				RefreshPlugins (1ms)
				BeforeProcessingInitializeOnLoad (68ms)
				ProcessInitializeOnLoadAttributes (213ms)
				ProcessInitializeOnLoadMethodAttributes (125ms)
				AfterProcessingInitializeOnLoad (6ms)
				EditorAssembliesLoaded (0ms)
			ExecutionOrderSort2 (0ms)
			AwakeInstancesAfterBackupRestoration (7ms)
Platform modules already initialized, skipping
Refreshing native plugins compatible for Editor in 6.42 ms, found 5 plugins.
Preloading 0 native plugins for Editor in 0.00 ms.
Unloading 2461 Unused Serialized files (Serialized files now loaded: 0)
Unloading 66 unused Assets / (25.6 KB). Loaded Objects now: 3075.
Memory consumption went from 105.2 MB to 105.2 MB.
Total: 5.218100 ms (FindLiveObjects: 0.141900 ms CreateObjectMapping: 0.119900 ms MarkObjects: 4.927100 ms  DeleteObjects: 0.028100 ms)

AssetImportParameters requested are different than current active one (requested -> active):
  custom:video-decoder-ogg-theora: a1e56fd34408186e4bbccfd4996cb3dc -> 
  custom:container-muxer-webm: aa71ff27fc2769a1b78a27578f13a17b -> 
  custom:container-demuxer-webm: 4f35f7cbe854078d1ac9338744f61a02 -> 
  custom:video-encoder-webm-vp8: eb34c28f22e8b96e1ab97ce403110664 -> 
  custom:audio-encoder-webm-vorbis: bf7c407c2cedff20999df2af8eb42d56 -> 
  custom:framework-win-MediaFoundation: 216162199b28c13a410421893ffa2e32 -> 
  custom:container-demuxer-ogg: 62fdf1f143b41e24485cea50d1cbac27 -> 
  custom:video-decoder-webm-vp8: 9c59270c3fd7afecdb556c50c9e8de78 -> 
  custom:audio-decoder-ogg-vorbis: bf7c407c2cedff20999df2af8eb42d56 -> 
